<?xml version="1.0" encoding="UTF-8"?>
<testsuite xmlns:xsi="http://www.w3.org/2001/XMLSchema-instance" xsi:noNamespaceSchemaLocation="https://maven.apache.org/surefire/maven-surefire-plugin/xsd/surefire-test-report.xsd" name="vn.zalopay.zas.MainTest" time="0.02" tests="1" errors="0" skipped="0" failures="0">
  <properties>
    <property name="gopherProxySet" value="false"/>
    <property name="awt.toolkit" value="sun.lwawt.macosx.LWCToolkit"/>
    <property name="file.encoding.pkg" value="sun.io"/>
    <property name="java.specification.version" value="1.8"/>
    <property name="sun.cpu.isalist" value=""/>
    <property name="sun.jnu.encoding" value="UTF-8"/>
    <property name="java.class.path" value="/Users/toan/vng/zas/ledger-serivce/target/test-classes:/Users/toan/vng/zas/ledger-serivce/target/classes:/Users/toan/.m2/repository/junit/junit/4.11/junit-4.11.jar:/Users/toan/.m2/repository/org/hamcrest/hamcrest-core/1.3/hamcrest-core-1.3.jar:/Users/toan/.m2/repository/io/grpc/grpc-all/1.16.1/grpc-all-1.16.1.jar:/Users/toan/.m2/repository/io/grpc/grpc-auth/1.16.1/grpc-auth-1.16.1.jar:/Users/toan/.m2/repository/com/google/auth/google-auth-library-credentials/0.9.0/google-auth-library-credentials-0.9.0.jar:/Users/toan/.m2/repository/io/grpc/grpc-core/1.16.1/grpc-core-1.16.1.jar:/Users/toan/.m2/repository/com/google/errorprone/error_prone_annotations/2.2.0/error_prone_annotations-2.2.0.jar:/Users/toan/.m2/repository/com/google/code/findbugs/jsr305/3.0.2/jsr305-3.0.2.jar:/Users/toan/.m2/repository/org/codehaus/mojo/animal-sniffer-annotations/1.17/animal-sniffer-annotations-1.17.jar:/Users/toan/.m2/repository/io/opencensus/opencensus-api/0.12.3/opencensus-api-0.12.3.jar:/Users/toan/.m2/repository/io/opencensus/opencensus-contrib-grpc-metrics/0.12.3/opencensus-contrib-grpc-metrics-0.12.3.jar:/Users/toan/.m2/repository/io/grpc/grpc-context/1.16.1/grpc-context-1.16.1.jar:/Users/toan/.m2/repository/io/grpc/grpc-okhttp/1.16.1/grpc-okhttp-1.16.1.jar:/Users/toan/.m2/repository/com/squareup/okhttp/okhttp/2.5.0/okhttp-2.5.0.jar:/Users/toan/.m2/repository/com/squareup/okio/okio/1.13.0/okio-1.13.0.jar:/Users/toan/.m2/repository/io/grpc/grpc-protobuf-nano/1.16.1/grpc-protobuf-nano-1.16.1.jar:/Users/toan/.m2/repository/com/google/protobuf/nano/protobuf-javanano/3.0.0-alpha-5/protobuf-javanano-3.0.0-alpha-5.jar:/Users/toan/.m2/repository/io/grpc/grpc-testing/1.16.1/grpc-testing-1.16.1.jar:/Users/toan/.m2/repository/org/mockito/mockito-core/1.9.5/mockito-core-1.9.5.jar:/Users/toan/.m2/repository/org/objenesis/objenesis/1.0/objenesis-1.0.jar:/Users/toan/.m2/repository/io/grpc/grpc-netty/1.16.1/grpc-netty-1.16.1.jar:/Users/toan/.m2/repository/io/netty/netty-codec-http2/4.1.30.Final/netty-codec-http2-4.1.30.Final.jar:/Users/toan/.m2/repository/io/netty/netty-handler-proxy/4.1.30.Final/netty-handler-proxy-4.1.30.Final.jar:/Users/toan/.m2/repository/io/netty/netty-codec-socks/4.1.30.Final/netty-codec-socks-4.1.30.Final.jar:/Users/toan/.m2/repository/io/grpc/grpc-protobuf/1.16.1/grpc-protobuf-1.16.1.jar:/Users/toan/.m2/repository/com/google/guava/guava/26.0-android/guava-26.0-android.jar:/Users/toan/.m2/repository/org/checkerframework/checker-compat-qual/2.5.2/checker-compat-qual-2.5.2.jar:/Users/toan/.m2/repository/com/google/j2objc/j2objc-annotations/1.1/j2objc-annotations-1.1.jar:/Users/toan/.m2/repository/com/google/api/grpc/proto-google-common-protos/1.0.0/proto-google-common-protos-1.0.0.jar:/Users/toan/.m2/repository/io/grpc/grpc-protobuf-lite/1.16.1/grpc-protobuf-lite-1.16.1.jar:/Users/toan/.m2/repository/io/grpc/grpc-stub/1.16.1/grpc-stub-1.16.1.jar:/Users/toan/.m2/repository/com/google/protobuf/protobuf-java/3.5.0/protobuf-java-3.5.0.jar:/Users/toan/.m2/repository/io/vertx/vertx-core/3.7.1/vertx-core-3.7.1.jar:/Users/toan/.m2/repository/io/netty/netty-common/4.1.34.Final/netty-common-4.1.34.Final.jar:/Users/toan/.m2/repository/io/netty/netty-buffer/4.1.34.Final/netty-buffer-4.1.34.Final.jar:/Users/toan/.m2/repository/io/netty/netty-transport/4.1.34.Final/netty-transport-4.1.34.Final.jar:/Users/toan/.m2/repository/io/netty/netty-handler/4.1.34.Final/netty-handler-4.1.34.Final.jar:/Users/toan/.m2/repository/io/netty/netty-codec/4.1.34.Final/netty-codec-4.1.34.Final.jar:/Users/toan/.m2/repository/io/netty/netty-codec-http/4.1.34.Final/netty-codec-http-4.1.34.Final.jar:/Users/toan/.m2/repository/io/netty/netty-resolver/4.1.34.Final/netty-resolver-4.1.34.Final.jar:/Users/toan/.m2/repository/io/netty/netty-resolver-dns/4.1.34.Final/netty-resolver-dns-4.1.34.Final.jar:/Users/toan/.m2/repository/io/netty/netty-codec-dns/4.1.34.Final/netty-codec-dns-4.1.34.Final.jar:/Users/toan/.m2/repository/com/fasterxml/jackson/core/jackson-core/2.9.8/jackson-core-2.9.8.jar:/Users/toan/.m2/repository/com/fasterxml/jackson/core/jackson-databind/2.9.8/jackson-databind-2.9.8.jar:/Users/toan/.m2/repository/com/fasterxml/jackson/core/jackson-annotations/2.9.0/jackson-annotations-2.9.0.jar:/Users/toan/.m2/repository/io/vertx/vertx-grpc/3.7.1/vertx-grpc-3.7.1.jar:/Users/toan/.m2/repository/org/apache/logging/log4j/log4j-api/2.11.1/log4j-api-2.11.1.jar:/Users/toan/.m2/repository/org/apache/logging/log4j/log4j-core/2.11.1/log4j-core-2.11.1.jar:/Users/toan/.m2/repository/org/apache/logging/log4j/log4j-slf4j-impl/2.11.1/log4j-slf4j-impl-2.11.1.jar:/Users/toan/.m2/repository/org/slf4j/slf4j-api/1.7.25/slf4j-api-1.7.25.jar:/Users/toan/.m2/repository/com/lmax/disruptor/3.4.2/disruptor-3.4.2.jar:/Users/toan/.m2/repository/org/projectlombok/lombok/1.16.20/lombok-1.16.20.jar:/Users/toan/.m2/repository/org/yaml/snakeyaml/1.21/snakeyaml-1.21.jar:/Users/toan/.m2/repository/com/googlecode/protobuf-java-format/protobuf-java-format/1.4/protobuf-java-format-1.4.jar:/Users/toan/.m2/repository/com/zaxxer/HikariCP/3.3.1/HikariCP-3.3.1.jar:/Users/toan/.m2/repository/mysql/mysql-connector-java/6.0.6/mysql-connector-java-6.0.6.jar:/Users/toan/.m2/repository/com/google/protobuf/protobuf-java-util/3.5.0/protobuf-java-util-3.5.0.jar:/Users/toan/.m2/repository/com/google/code/gson/gson/2.7/gson-2.7.jar:/Users/toan/.m2/repository/io/vertx/vertx-micrometer-metrics/3.7.1/vertx-micrometer-metrics-3.7.1.jar:/Users/toan/.m2/repository/io/micrometer/micrometer-core/1.1.0/micrometer-core-1.1.0.jar:/Users/toan/.m2/repository/org/latencyutils/LatencyUtils/2.0.3/LatencyUtils-2.0.3.jar:/Users/toan/.m2/repository/org/hdrhistogram/HdrHistogram/2.1.10/HdrHistogram-2.1.10.jar:/Users/toan/.m2/repository/io/micrometer/micrometer-registry-prometheus/1.1.4/micrometer-registry-prometheus-1.1.4.jar:/Users/toan/.m2/repository/io/prometheus/simpleclient_common/0.5.0/simpleclient_common-0.5.0.jar:/Users/toan/.m2/repository/io/prometheus/simpleclient/0.5.0/simpleclient-0.5.0.jar:/Users/toan/.m2/repository/io/micrometer/micrometer-registry-jmx/1.1.4/micrometer-registry-jmx-1.1.4.jar:/Users/toan/.m2/repository/io/dropwizard/metrics/metrics-jmx/4.0.3/metrics-jmx-4.0.3.jar:/Users/toan/.m2/repository/io/dropwizard/metrics/metrics-core/4.0.3/metrics-core-4.0.3.jar:/Users/toan/.m2/repository/io/netty/netty-transport-native-epoll/4.1.36.Final/netty-transport-native-epoll-4.1.36.Final-linux-x86_64.jar:/Users/toan/.m2/repository/io/netty/netty-transport-native-unix-common/4.1.36.Final/netty-transport-native-unix-common-4.1.36.Final.jar:/Users/toan/.m2/repository/io/vertx/vertx-reactive-streams/3.7.1/vertx-reactive-streams-3.7.1.jar:/Users/toan/.m2/repository/org/reactivestreams/reactive-streams/1.0.2/reactive-streams-1.0.2.jar:/Users/toan/.m2/repository/io/vertx/vertx-jdbc-client/3.7.1/vertx-jdbc-client-3.7.1.jar:/Users/toan/.m2/repository/io/vertx/vertx-sql-common/3.7.1/vertx-sql-common-3.7.1.jar:/Users/toan/.m2/repository/com/mchange/c3p0/0.9.5.2/c3p0-0.9.5.2.jar:/Users/toan/.m2/repository/com/mchange/mchange-commons-java/0.2.11/mchange-commons-java-0.2.11.jar:/Users/toan/.m2/repository/io/reactivex/rxjava/1.3.8/rxjava-1.3.8.jar:"/>
    <property name="java.vm.vendor" value="Oracle Corporation"/>
    <property name="sun.arch.data.model" value="64"/>
    <property name="java.vendor.url" value="http://java.oracle.com/"/>
    <property name="user.timezone" value=""/>
    <property name="java.vm.specification.version" value="1.8"/>
    <property name="os.name" value="Mac OS X"/>
    <property name="user.country" value="VN"/>
    <property name="sun.java.launcher" value="SUN_STANDARD"/>
    <property name="sun.boot.library.path" value="/Library/Java/JavaVirtualMachines/jdk1.8.0_211.jdk/Contents/Home/jre/lib"/>
    <property name="sun.java.command" value="/Users/toan/vng/zas/ledger-serivce/target/surefire/surefirebooter7097960000335829416.jar /Users/toan/vng/zas/ledger-serivce/target/surefire 2019-11-04T13-29-51_266-jvmRun1 surefire6056728726839661820tmp surefire_04957210196220708425tmp"/>
    <property name="surefire.test.class.path" value="/Users/toan/vng/zas/ledger-serivce/target/test-classes:/Users/toan/vng/zas/ledger-serivce/target/classes:/Users/toan/.m2/repository/junit/junit/4.11/junit-4.11.jar:/Users/toan/.m2/repository/org/hamcrest/hamcrest-core/1.3/hamcrest-core-1.3.jar:/Users/toan/.m2/repository/io/grpc/grpc-all/1.16.1/grpc-all-1.16.1.jar:/Users/toan/.m2/repository/io/grpc/grpc-auth/1.16.1/grpc-auth-1.16.1.jar:/Users/toan/.m2/repository/com/google/auth/google-auth-library-credentials/0.9.0/google-auth-library-credentials-0.9.0.jar:/Users/toan/.m2/repository/io/grpc/grpc-core/1.16.1/grpc-core-1.16.1.jar:/Users/toan/.m2/repository/com/google/errorprone/error_prone_annotations/2.2.0/error_prone_annotations-2.2.0.jar:/Users/toan/.m2/repository/com/google/code/findbugs/jsr305/3.0.2/jsr305-3.0.2.jar:/Users/toan/.m2/repository/org/codehaus/mojo/animal-sniffer-annotations/1.17/animal-sniffer-annotations-1.17.jar:/Users/toan/.m2/repository/io/opencensus/opencensus-api/0.12.3/opencensus-api-0.12.3.jar:/Users/toan/.m2/repository/io/opencensus/opencensus-contrib-grpc-metrics/0.12.3/opencensus-contrib-grpc-metrics-0.12.3.jar:/Users/toan/.m2/repository/io/grpc/grpc-context/1.16.1/grpc-context-1.16.1.jar:/Users/toan/.m2/repository/io/grpc/grpc-okhttp/1.16.1/grpc-okhttp-1.16.1.jar:/Users/toan/.m2/repository/com/squareup/okhttp/okhttp/2.5.0/okhttp-2.5.0.jar:/Users/toan/.m2/repository/com/squareup/okio/okio/1.13.0/okio-1.13.0.jar:/Users/toan/.m2/repository/io/grpc/grpc-protobuf-nano/1.16.1/grpc-protobuf-nano-1.16.1.jar:/Users/toan/.m2/repository/com/google/protobuf/nano/protobuf-javanano/3.0.0-alpha-5/protobuf-javanano-3.0.0-alpha-5.jar:/Users/toan/.m2/repository/io/grpc/grpc-testing/1.16.1/grpc-testing-1.16.1.jar:/Users/toan/.m2/repository/org/mockito/mockito-core/1.9.5/mockito-core-1.9.5.jar:/Users/toan/.m2/repository/org/objenesis/objenesis/1.0/objenesis-1.0.jar:/Users/toan/.m2/repository/io/grpc/grpc-netty/1.16.1/grpc-netty-1.16.1.jar:/Users/toan/.m2/repository/io/netty/netty-codec-http2/4.1.30.Final/netty-codec-http2-4.1.30.Final.jar:/Users/toan/.m2/repository/io/netty/netty-handler-proxy/4.1.30.Final/netty-handler-proxy-4.1.30.Final.jar:/Users/toan/.m2/repository/io/netty/netty-codec-socks/4.1.30.Final/netty-codec-socks-4.1.30.Final.jar:/Users/toan/.m2/repository/io/grpc/grpc-protobuf/1.16.1/grpc-protobuf-1.16.1.jar:/Users/toan/.m2/repository/com/google/guava/guava/26.0-android/guava-26.0-android.jar:/Users/toan/.m2/repository/org/checkerframework/checker-compat-qual/2.5.2/checker-compat-qual-2.5.2.jar:/Users/toan/.m2/repository/com/google/j2objc/j2objc-annotations/1.1/j2objc-annotations-1.1.jar:/Users/toan/.m2/repository/com/google/api/grpc/proto-google-common-protos/1.0.0/proto-google-common-protos-1.0.0.jar:/Users/toan/.m2/repository/io/grpc/grpc-protobuf-lite/1.16.1/grpc-protobuf-lite-1.16.1.jar:/Users/toan/.m2/repository/io/grpc/grpc-stub/1.16.1/grpc-stub-1.16.1.jar:/Users/toan/.m2/repository/com/google/protobuf/protobuf-java/3.5.0/protobuf-java-3.5.0.jar:/Users/toan/.m2/repository/io/vertx/vertx-core/3.7.1/vertx-core-3.7.1.jar:/Users/toan/.m2/repository/io/netty/netty-common/4.1.34.Final/netty-common-4.1.34.Final.jar:/Users/toan/.m2/repository/io/netty/netty-buffer/4.1.34.Final/netty-buffer-4.1.34.Final.jar:/Users/toan/.m2/repository/io/netty/netty-transport/4.1.34.Final/netty-transport-4.1.34.Final.jar:/Users/toan/.m2/repository/io/netty/netty-handler/4.1.34.Final/netty-handler-4.1.34.Final.jar:/Users/toan/.m2/repository/io/netty/netty-codec/4.1.34.Final/netty-codec-4.1.34.Final.jar:/Users/toan/.m2/repository/io/netty/netty-codec-http/4.1.34.Final/netty-codec-http-4.1.34.Final.jar:/Users/toan/.m2/repository/io/netty/netty-resolver/4.1.34.Final/netty-resolver-4.1.34.Final.jar:/Users/toan/.m2/repository/io/netty/netty-resolver-dns/4.1.34.Final/netty-resolver-dns-4.1.34.Final.jar:/Users/toan/.m2/repository/io/netty/netty-codec-dns/4.1.34.Final/netty-codec-dns-4.1.34.Final.jar:/Users/toan/.m2/repository/com/fasterxml/jackson/core/jackson-core/2.9.8/jackson-core-2.9.8.jar:/Users/toan/.m2/repository/com/fasterxml/jackson/core/jackson-databind/2.9.8/jackson-databind-2.9.8.jar:/Users/toan/.m2/repository/com/fasterxml/jackson/core/jackson-annotations/2.9.0/jackson-annotations-2.9.0.jar:/Users/toan/.m2/repository/io/vertx/vertx-grpc/3.7.1/vertx-grpc-3.7.1.jar:/Users/toan/.m2/repository/org/apache/logging/log4j/log4j-api/2.11.1/log4j-api-2.11.1.jar:/Users/toan/.m2/repository/org/apache/logging/log4j/log4j-core/2.11.1/log4j-core-2.11.1.jar:/Users/toan/.m2/repository/org/apache/logging/log4j/log4j-slf4j-impl/2.11.1/log4j-slf4j-impl-2.11.1.jar:/Users/toan/.m2/repository/org/slf4j/slf4j-api/1.7.25/slf4j-api-1.7.25.jar:/Users/toan/.m2/repository/com/lmax/disruptor/3.4.2/disruptor-3.4.2.jar:/Users/toan/.m2/repository/org/projectlombok/lombok/1.16.20/lombok-1.16.20.jar:/Users/toan/.m2/repository/org/yaml/snakeyaml/1.21/snakeyaml-1.21.jar:/Users/toan/.m2/repository/com/googlecode/protobuf-java-format/protobuf-java-format/1.4/protobuf-java-format-1.4.jar:/Users/toan/.m2/repository/com/zaxxer/HikariCP/3.3.1/HikariCP-3.3.1.jar:/Users/toan/.m2/repository/mysql/mysql-connector-java/6.0.6/mysql-connector-java-6.0.6.jar:/Users/toan/.m2/repository/com/google/protobuf/protobuf-java-util/3.5.0/protobuf-java-util-3.5.0.jar:/Users/toan/.m2/repository/com/google/code/gson/gson/2.7/gson-2.7.jar:/Users/toan/.m2/repository/io/vertx/vertx-micrometer-metrics/3.7.1/vertx-micrometer-metrics-3.7.1.jar:/Users/toan/.m2/repository/io/micrometer/micrometer-core/1.1.0/micrometer-core-1.1.0.jar:/Users/toan/.m2/repository/org/latencyutils/LatencyUtils/2.0.3/LatencyUtils-2.0.3.jar:/Users/toan/.m2/repository/org/hdrhistogram/HdrHistogram/2.1.10/HdrHistogram-2.1.10.jar:/Users/toan/.m2/repository/io/micrometer/micrometer-registry-prometheus/1.1.4/micrometer-registry-prometheus-1.1.4.jar:/Users/toan/.m2/repository/io/prometheus/simpleclient_common/0.5.0/simpleclient_common-0.5.0.jar:/Users/toan/.m2/repository/io/prometheus/simpleclient/0.5.0/simpleclient-0.5.0.jar:/Users/toan/.m2/repository/io/micrometer/micrometer-registry-jmx/1.1.4/micrometer-registry-jmx-1.1.4.jar:/Users/toan/.m2/repository/io/dropwizard/metrics/metrics-jmx/4.0.3/metrics-jmx-4.0.3.jar:/Users/toan/.m2/repository/io/dropwizard/metrics/metrics-core/4.0.3/metrics-core-4.0.3.jar:/Users/toan/.m2/repository/io/netty/netty-transport-native-epoll/4.1.36.Final/netty-transport-native-epoll-4.1.36.Final-linux-x86_64.jar:/Users/toan/.m2/repository/io/netty/netty-transport-native-unix-common/4.1.36.Final/netty-transport-native-unix-common-4.1.36.Final.jar:/Users/toan/.m2/repository/io/vertx/vertx-reactive-streams/3.7.1/vertx-reactive-streams-3.7.1.jar:/Users/toan/.m2/repository/org/reactivestreams/reactive-streams/1.0.2/reactive-streams-1.0.2.jar:/Users/toan/.m2/repository/io/vertx/vertx-jdbc-client/3.7.1/vertx-jdbc-client-3.7.1.jar:/Users/toan/.m2/repository/io/vertx/vertx-sql-common/3.7.1/vertx-sql-common-3.7.1.jar:/Users/toan/.m2/repository/com/mchange/c3p0/0.9.5.2/c3p0-0.9.5.2.jar:/Users/toan/.m2/repository/com/mchange/mchange-commons-java/0.2.11/mchange-commons-java-0.2.11.jar:/Users/toan/.m2/repository/io/reactivex/rxjava/1.3.8/rxjava-1.3.8.jar:"/>
    <property name="sun.cpu.endian" value="little"/>
    <property name="user.home" value="/Users/toan"/>
    <property name="user.language" value="en"/>
    <property name="java.specification.vendor" value="Oracle Corporation"/>
    <property name="java.home" value="/Library/Java/JavaVirtualMachines/jdk1.8.0_211.jdk/Contents/Home/jre"/>
    <property name="basedir" value="/Users/toan/vng/zas/ledger-serivce"/>
    <property name="file.separator" value="/"/>
    <property name="line.separator" value="&#10;"/>
    <property name="java.vm.specification.vendor" value="Oracle Corporation"/>
    <property name="java.specification.name" value="Java Platform API Specification"/>
    <property name="java.awt.graphicsenv" value="sun.awt.CGraphicsEnvironment"/>
    <property name="surefire.real.class.path" value="/Users/toan/vng/zas/ledger-serivce/target/surefire/surefirebooter7097960000335829416.jar"/>
    <property name="sun.boot.class.path" value="/Library/Java/JavaVirtualMachines/jdk1.8.0_211.jdk/Contents/Home/jre/lib/resources.jar:/Library/Java/JavaVirtualMachines/jdk1.8.0_211.jdk/Contents/Home/jre/lib/rt.jar:/Library/Java/JavaVirtualMachines/jdk1.8.0_211.jdk/Contents/Home/jre/lib/sunrsasign.jar:/Library/Java/JavaVirtualMachines/jdk1.8.0_211.jdk/Contents/Home/jre/lib/jsse.jar:/Library/Java/JavaVirtualMachines/jdk1.8.0_211.jdk/Contents/Home/jre/lib/jce.jar:/Library/Java/JavaVirtualMachines/jdk1.8.0_211.jdk/Contents/Home/jre/lib/charsets.jar:/Library/Java/JavaVirtualMachines/jdk1.8.0_211.jdk/Contents/Home/jre/lib/jfr.jar:/Library/Java/JavaVirtualMachines/jdk1.8.0_211.jdk/Contents/Home/jre/classes"/>
    <property name="sun.management.compiler" value="HotSpot 64-Bit Tiered Compilers"/>
    <property name="java.runtime.version" value="1.8.0_211-b12"/>
    <property name="user.name" value="toan"/>
    <property name="path.separator" value=":"/>
    <property name="os.version" value="10.14.6"/>
    <property name="java.endorsed.dirs" value="/Library/Java/JavaVirtualMachines/jdk1.8.0_211.jdk/Contents/Home/jre/lib/endorsed"/>
    <property name="java.runtime.name" value="Java(TM) SE Runtime Environment"/>
    <property name="file.encoding" value="UTF-8"/>
    <property name="java.vm.name" value="Java HotSpot(TM) 64-Bit Server VM"/>
    <property name="localRepository" value="/Users/toan/.m2/repository"/>
    <property name="java.vendor.url.bug" value="http://bugreport.sun.com/bugreport/"/>
    <property name="java.io.tmpdir" value="/var/folders/lc/n76jjkt535ggp73fs1fvbpt40000gp/T/"/>
    <property name="java.version" value="1.8.0_211"/>
    <property name="user.dir" value="/Users/toan/vng/zas/ledger-serivce"/>
    <property name="os.arch" value="x86_64"/>
    <property name="java.vm.specification.name" value="Java Virtual Machine Specification"/>
    <property name="java.awt.printerjob" value="sun.lwawt.macosx.CPrinterJob"/>
    <property name="idea.version2019.1.2" value="true"/>
    <property name="sun.os.patch.level" value="unknown"/>
    <property name="java.library.path" value="/Users/toan/Library/Java/Extensions:/Library/Java/Extensions:/Network/Library/Java/Extensions:/System/Library/Java/Extensions:/usr/lib/java:."/>
    <property name="java.vm.info" value="mixed mode"/>
    <property name="java.vendor" value="Oracle Corporation"/>
    <property name="java.vm.version" value="25.211-b12"/>
    <property name="java.ext.dirs" value="/Users/toan/Library/Java/Extensions:/Library/Java/JavaVirtualMachines/jdk1.8.0_211.jdk/Contents/Home/jre/lib/ext:/Library/Java/Extensions:/Network/Library/Java/Extensions:/System/Library/Java/Extensions:/usr/lib/java"/>
    <property name="sun.io.unicode.encoding" value="UnicodeBig"/>
    <property name="java.class.version" value="52.0"/>
  </properties>
  <testcase name="shouldAnswerWithTrue" classname="vn.zalopay.zas.MainTest" time="0.001"/>
</testsuite>